<?xml version="1.0" encoding="UTF-8"?>
<!-- Generated by org.testng.reporters.JUnitReportReporter -->
<testsuite skipped="0" hostname="TANERs-MBP.home" name="com.olympics.Olympics2016" tests="5" failures="0" timestamp="05 Jul 2018 03:28:17 GMT" time="5.938" errors="0">
  <testcase name="theMost" time="1.275" classname="com.olympics.Olympics2016"/>
  <testcase name="countryByMedal" time="1.838" classname="com.olympics.Olympics2016"/>
  <testcase name="sortTexst" time="0.618" classname="com.olympics.Olympics2016"/>
  <testcase name="getIndex" time="1.008" classname="com.olympics.Olympics2016"/>
  <testcase name="getSum" time="1.199" classname="com.olympics.Olympics2016"/>
</testsuite> <!-- com.olympics.Olympics2016 -->
