<?xml version="1.0" encoding="UTF-8"?>
<!-- Generated by org.testng.reporters.JUnitReportReporter -->
<testsuite skipped="0" hostname="TANERs-MBP.home" name="com.olympics.Olympics16New" tests="5" failures="0" timestamp="05 Jul 2018 03:03:37 GMT" time="154.698" errors="0">
  <testcase name="sortSet" time="2.211" classname="com.olympics.Olympics16New"/>
  <testcase name="theMost" time="1.323" classname="com.olympics.Olympics16New"/>
  <testcase name="countryByMedal" time="60.318" classname="com.olympics.Olympics16New"/>
  <testcase name="getIndex" time="30.484" classname="com.olympics.Olympics16New"/>
  <testcase name="getSum" time="60.362" classname="com.olympics.Olympics16New"/>
</testsuite> <!-- com.olympics.Olympics16New -->
